<?xml version="1.0" encoding="UTF-8"?>
<!-- Generated by org.testng.reporters.JUnitXMLReporter -->
<testsuite hostname="DESKTOP-EL097K1" ignored="0" name="Default test" tests="4" failures="0" timestamp="03 Jan 2019 02:04:35 GMT" time="53.601" errors="0">
  <testcase name="createNew" time="2.363" classname="com.crm.qa.testcases.NewContactPageTest"/>
  <testcase name="createNew" time="2.606" classname="com.crm.qa.testcases.NewContactPageTest"/>
  <testcase name="createNew" time="2.553" classname="com.crm.qa.testcases.NewContactPageTest"/>
  <testcase name="verifyOwnerTest" time="0.065" classname="com.crm.qa.testcases.NewContactPageTest"/>
</testsuite> <!-- Default test -->
