<?xml version="1.0" encoding="UTF-8"?>
<!-- Generated by org.testng.reporters.JUnitXMLReporter -->
<testsuite hostname="DESKTOP-EL097K1" ignored="0" name="Sanity Test" tests="3" failures="0" timestamp="02 Jan 2019 23:28:19 GMT" time="21.306" errors="0">
  <testcase name="loginpageTitleTest" time="0.073" classname="com.crm.qa.testcases.LoginPageTest"/>
  <testcase name="loginImageTest" time="0.142" classname="com.crm.qa.testcases.LoginPageTest"/>
  <testcase name="loginTest" time="3.39" classname="com.crm.qa.testcases.LoginPageTest"/>
</testsuite> <!-- Sanity Test -->
