<?xml version="1.0" encoding="UTF-8"?>
<!-- Generated by org.testng.reporters.JUnitXMLReporter -->
<testsuite hostname="DESKTOP-EL097K1" ignored="0" name="Smoke Test" tests="3" failures="0" timestamp="02 Jan 2019 05:03:37 GMT" time="34.371" errors="0">
  <testcase name="verifyContactLogoTest" time="0.052" classname="com.crm.qa.testcases.ContactPageTest"/>
  <testcase name="verifySavedContactLinkTest" time="1.073" classname="com.crm.qa.testcases.ContactPageTest"/>
  <testcase name="verifySelectSingleCheckboxTest" time="0.135" classname="com.crm.qa.testcases.ContactPageTest"/>
</testsuite> <!-- Smoke Test -->
